[Sat Jun  8 11:09:02 2024] Summary: 
[Sat Jun  8 11:09:02 2024]    Input       :   train.fasta
[Sat Jun  8 11:09:02 2024]    Background  :   local
[Sat Jun  8 11:09:02 2024]    Output      :   kpLogo.*
[Sat Jun  8 11:09:02 2024]    alphabet    :   ACGT
[Sat Jun  8 11:09:02 2024]    min_kmer    :   1
[Sat Jun  8 11:09:02 2024]    max_kmer    :   4
[Sat Jun  8 11:09:02 2024]    min_shift   :   0
[Sat Jun  8 11:09:02 2024]    max_shift   :   0
[Sat Jun  8 11:09:02 2024]    degenerate  :   ACGTN
[Sat Jun  8 11:09:02 2024]    p           :   1.010000
[Sat Jun  8 11:09:02 2024]    start at    :   1
[Sat Jun  8 11:09:02 2024] Input file is FASTA format
[Sat Jun  8 11:09:02 2024] 366 sequences loaded from train.fasta
[Sat Jun  8 11:09:02 2024] making frequency logo...
convert-im6.q16: not authorized `kpLogo.freq.eps' @ error/constitute.c/ReadImage/412.
convert-im6.q16: no images defined `kpLogo.freq.png' @ error/convert.c/ConvertImageCommand/3258.
[Sat Jun  8 11:09:03 2024] making information content logo...
convert-im6.q16: not authorized `kpLogo.info.eps' @ error/constitute.c/ReadImage/412.
convert-im6.q16: no images defined `kpLogo.info.png' @ error/convert.c/ConvertImageCommand/3258.
[Sat Jun  8 11:09:03 2024] fixed position: 20
[Sat Jun  8 11:09:03 2024] fixed residual  : C
[Sat Jun  8 11:09:03 2024] 340 exact kmers to be tested
[Sat Jun  8 11:09:03 2024] 500 k-mers allowing degenerate bases
[Sat Jun  8 11:09:03 2024] 19124 tests (kmer x position x shifts) will be performed
[Sat Jun  8 11:09:03 2024] 6675 significant positional kmers identified in total
[Sat Jun  8 11:09:04 2024] plotting the most significant kmer at each position...
[Sat Jun  8 11:09:04 2024] plotting single nucleotide profile...
convert-im6.q16: not authorized `kpLogo.eps' @ error/constitute.c/ReadImage/412.
convert-im6.q16: no images defined `kpLogo.png' @ error/convert.c/ConvertImageCommand/3258.
convert-im6.q16: not authorized `kpLogo.most.significant.each.position.eps' @ error/constitute.c/ReadImage/412.
convert-im6.q16: no images defined `kpLogo.most.significant.each.position.png' @ error/convert.c/ConvertImageCommand/3258.
[Sat Jun  8 11:12:33 2024] Done!
[Sat Jun  8 11:12:33 2024] Summary: 
[Sat Jun  8 11:12:34 2024]    Input       :   train.fasta
[Sat Jun  8 11:12:34 2024]    Background  :   local
[Sat Jun  8 11:12:34 2024]    Output      :   kpLogo.*
[Sat Jun  8 11:12:34 2024]    alphabet    :   ACGT
[Sat Jun  8 11:12:34 2024]    min_kmer    :   1
[Sat Jun  8 11:12:34 2024]    max_kmer    :   4
[Sat Jun  8 11:12:34 2024]    min_shift   :   0
[Sat Jun  8 11:12:34 2024]    max_shift   :   0
[Sat Jun  8 11:12:34 2024]    degenerate  :   ACGTN
[Sat Jun  8 11:12:34 2024]    p           :   1.010000
[Sat Jun  8 11:12:34 2024]    start at    :   1
[Sat Jun  8 11:12:34 2024] Input file is FASTA format
[Sat Jun  8 11:12:34 2024] 15798 sequences loaded from train.fasta
[Sat Jun  8 11:12:34 2024] making frequency logo...
convert-im6.q16: not authorized `kpLogo.freq.eps' @ error/constitute.c/ReadImage/412.
convert-im6.q16: no images defined `kpLogo.freq.png' @ error/convert.c/ConvertImageCommand/3258.
[Sat Jun  8 11:12:58 2024] making information content logo...
convert-im6.q16: not authorized `kpLogo.info.eps' @ error/constitute.c/ReadImage/412.
convert-im6.q16: no images defined `kpLogo.info.png' @ error/convert.c/ConvertImageCommand/3258.
[Sat Jun  8 11:12:59 2024] fixed position: 20
[Sat Jun  8 11:12:59 2024] fixed residual  : C
[Sat Jun  8 11:12:59 2024] 340 exact kmers to be tested
[Sat Jun  8 11:12:59 2024] 500 k-mers allowing degenerate bases
[Sat Jun  8 11:12:59 2024] 19124 tests (kmer x position x shifts) will be performed
[Sat Jun  8 11:13:14 2024] 17847 significant positional kmers identified in total
[Sat Jun  8 11:13:14 2024] plotting the most significant kmer at each position...
[Sat Jun  8 11:13:14 2024] plotting single nucleotide profile...
convert-im6.q16: not authorized `kpLogo.eps' @ error/constitute.c/ReadImage/412.
convert-im6.q16: no images defined `kpLogo.png' @ error/convert.c/ConvertImageCommand/3258.
convert-im6.q16: not authorized `kpLogo.most.significant.each.position.eps' @ error/constitute.c/ReadImage/412.
convert-im6.q16: no images defined `kpLogo.most.significant.each.position.png' @ error/convert.c/ConvertImageCommand/3258.
[Sat Jun  8 11:13:15 2024] Done!
[Sat Jun  8 11:13:15 2024] Summary: 
[Sat Jun  8 11:13:15 2024]    Input       :   train.fasta
[Sat Jun  8 11:13:15 2024]    Background  :   local
[Sat Jun  8 11:13:15 2024]    Output      :   kpLogo.*
[Sat Jun  8 11:13:15 2024]    alphabet    :   ACGT
[Sat Jun  8 11:13:15 2024]    min_kmer    :   1
[Sat Jun  8 11:13:15 2024]    max_kmer    :   4
[Sat Jun  8 11:13:15 2024]    min_shift   :   0
[Sat Jun  8 11:13:15 2024]    max_shift   :   0
[Sat Jun  8 11:13:15 2024]    degenerate  :   ACGTN
[Sat Jun  8 11:13:15 2024]    p           :   1.010000
[Sat Jun  8 11:13:15 2024]    start at    :   1
[Sat Jun  8 11:13:15 2024] Input file is FASTA format
[Sat Jun  8 11:13:15 2024] 1980 sequences loaded from train.fasta
[Sat Jun  8 11:13:15 2024] making frequency logo...
convert-im6.q16: not authorized `kpLogo.freq.eps' @ error/constitute.c/ReadImage/412.
convert-im6.q16: no images defined `kpLogo.freq.png' @ error/convert.c/ConvertImageCommand/3258.
[Sat Jun  8 11:13:15 2024] making information content logo...
convert-im6.q16: not authorized `kpLogo.info.eps' @ error/constitute.c/ReadImage/412.
convert-im6.q16: no images defined `kpLogo.info.png' @ error/convert.c/ConvertImageCommand/3258.
[Sat Jun  8 11:13:15 2024] fixed position: 20
[Sat Jun  8 11:13:15 2024] fixed residual  : C
[Sat Jun  8 11:13:15 2024] 340 exact kmers to be tested
[Sat Jun  8 11:13:15 2024] 500 k-mers allowing degenerate bases
[Sat Jun  8 11:13:15 2024] 19124 tests (kmer x position x shifts) will be performed
[Sat Jun  8 11:13:17 2024] 14818 significant positional kmers identified in total
[Sat Jun  8 11:13:18 2024] plotting the most significant kmer at each position...
[Sat Jun  8 11:13:18 2024] plotting single nucleotide profile...
convert-im6.q16: not authorized `kpLogo.eps' @ error/constitute.c/ReadImage/412.
convert-im6.q16: no images defined `kpLogo.png' @ error/convert.c/ConvertImageCommand/3258.
convert-im6.q16: not authorized `kpLogo.most.significant.each.position.eps' @ error/constitute.c/ReadImage/412.
convert-im6.q16: no images defined `kpLogo.most.significant.each.position.png' @ error/convert.c/ConvertImageCommand/3258.
[Sat Jun  8 11:13:18 2024] Done!
[Sat Jun  8 11:13:19 2024] Summary: 
[Sat Jun  8 11:13:19 2024]    Input       :   train.fasta
[Sat Jun  8 11:13:19 2024]    Background  :   local
[Sat Jun  8 11:13:19 2024]    Output      :   kpLogo.*
[Sat Jun  8 11:13:19 2024]    alphabet    :   ACGT
[Sat Jun  8 11:13:19 2024]    min_kmer    :   1
[Sat Jun  8 11:13:19 2024]    max_kmer    :   4
[Sat Jun  8 11:13:19 2024]    min_shift   :   0
[Sat Jun  8 11:13:19 2024]    max_shift   :   0
[Sat Jun  8 11:13:19 2024]    degenerate  :   ACGTN
[Sat Jun  8 11:13:19 2024]    p           :   1.010000
[Sat Jun  8 11:13:19 2024]    start at    :   1
[Sat Jun  8 11:13:19 2024] Input file is FASTA format
[Sat Jun  8 11:13:19 2024] 15328 sequences loaded from train.fasta
[Sat Jun  8 11:13:19 2024] making frequency logo...
convert-im6.q16: not authorized `kpLogo.freq.eps' @ error/constitute.c/ReadImage/412.
convert-im6.q16: no images defined `kpLogo.freq.png' @ error/convert.c/ConvertImageCommand/3258.
[Sat Jun  8 11:13:19 2024] making information content logo...
convert-im6.q16: not authorized `kpLogo.info.eps' @ error/constitute.c/ReadImage/412.
convert-im6.q16: no images defined `kpLogo.info.png' @ error/convert.c/ConvertImageCommand/3258.
[Sat Jun  8 11:13:19 2024] fixed position: 20
[Sat Jun  8 11:13:19 2024] fixed residual  : C
[Sat Jun  8 11:13:19 2024] 340 exact kmers to be tested
[Sat Jun  8 11:13:19 2024] 500 k-mers allowing degenerate bases
[Sat Jun  8 11:13:19 2024] 19124 tests (kmer x position x shifts) will be performed
[Sat Jun  8 11:13:33 2024] 17846 significant positional kmers identified in total
[Sat Jun  8 11:13:33 2024] plotting the most significant kmer at each position...
[Sat Jun  8 11:13:33 2024] plotting single nucleotide profile...
convert-im6.q16: not authorized `kpLogo.eps' @ error/constitute.c/ReadImage/412.
convert-im6.q16: no images defined `kpLogo.png' @ error/convert.c/ConvertImageCommand/3258.
convert-im6.q16: not authorized `kpLogo.most.significant.each.position.eps' @ error/constitute.c/ReadImage/412.
convert-im6.q16: no images defined `kpLogo.most.significant.each.position.png' @ error/convert.c/ConvertImageCommand/3258.
[Sat Jun  8 11:13:34 2024] Done!
[Sat Jun  8 11:13:34 2024] Summary: 
[Sat Jun  8 11:13:34 2024]    Input       :   train.fasta
[Sat Jun  8 11:13:34 2024]    Background  :   local
[Sat Jun  8 11:13:34 2024]    Output      :   kpLogo.*
[Sat Jun  8 11:13:34 2024]    alphabet    :   ACGT
[Sat Jun  8 11:13:34 2024]    min_kmer    :   1
[Sat Jun  8 11:13:34 2024]    max_kmer    :   4
[Sat Jun  8 11:13:34 2024]    min_shift   :   0
[Sat Jun  8 11:13:34 2024]    max_shift   :   0
[Sat Jun  8 11:13:34 2024]    degenerate  :   ACGTN
[Sat Jun  8 11:13:34 2024]    p           :   1.010000
[Sat Jun  8 11:13:34 2024]    start at    :   1
[Sat Jun  8 11:13:34 2024] Input file is FASTA format
[Sat Jun  8 11:13:34 2024] 2344 sequences loaded from train.fasta
[Sat Jun  8 11:13:34 2024] making frequency logo...
convert-im6.q16: not authorized `kpLogo.freq.eps' @ error/constitute.c/ReadImage/412.
convert-im6.q16: no images defined `kpLogo.freq.png' @ error/convert.c/ConvertImageCommand/3258.
[Sat Jun  8 11:13:34 2024] making information content logo...
convert-im6.q16: not authorized `kpLogo.info.eps' @ error/constitute.c/ReadImage/412.
convert-im6.q16: no images defined `kpLogo.info.png' @ error/convert.c/ConvertImageCommand/3258.
[Sat Jun  8 11:13:35 2024] fixed position: 20
[Sat Jun  8 11:13:35 2024] fixed residual  : C
[Sat Jun  8 11:13:35 2024] 340 exact kmers to be tested
[Sat Jun  8 11:13:35 2024] 500 k-mers allowing degenerate bases
[Sat Jun  8 11:13:35 2024] 19124 tests (kmer x position x shifts) will be performed
[Sat Jun  8 11:13:37 2024] 15753 significant positional kmers identified in total
[Sat Jun  8 11:13:37 2024] plotting the most significant kmer at each position...
[Sat Jun  8 11:13:37 2024] plotting single nucleotide profile...
convert-im6.q16: not authorized `kpLogo.eps' @ error/constitute.c/ReadImage/412.
convert-im6.q16: no images defined `kpLogo.png' @ error/convert.c/ConvertImageCommand/3258.
convert-im6.q16: not authorized `kpLogo.most.significant.each.position.eps' @ error/constitute.c/ReadImage/412.
convert-im6.q16: no images defined `kpLogo.most.significant.each.position.png' @ error/convert.c/ConvertImageCommand/3258.
[Sat Jun  8 11:13:38 2024] Done!
[Sat Jun  8 11:13:38 2024] Summary: 
[Sat Jun  8 11:13:38 2024]    Input       :   train.fasta
[Sat Jun  8 11:13:38 2024]    Background  :   local
[Sat Jun  8 11:13:38 2024]    Output      :   kpLogo.*
[Sat Jun  8 11:13:38 2024]    alphabet    :   ACGT
[Sat Jun  8 11:13:38 2024]    min_kmer    :   1
[Sat Jun  8 11:13:38 2024]    max_kmer    :   4
[Sat Jun  8 11:13:38 2024]    min_shift   :   0
[Sat Jun  8 11:13:38 2024]    max_shift   :   0
[Sat Jun  8 11:13:38 2024]    degenerate  :   ACGTN
[Sat Jun  8 11:13:38 2024]    p           :   1.010000
[Sat Jun  8 11:13:38 2024]    start at    :   1
[Sat Jun  8 11:13:38 2024] Input file is FASTA format
[Sat Jun  8 11:13:38 2024] 3680 sequences loaded from train.fasta
[Sat Jun  8 11:13:38 2024] making frequency logo...
convert-im6.q16: not authorized `kpLogo.freq.eps' @ error/constitute.c/ReadImage/412.
convert-im6.q16: no images defined `kpLogo.freq.png' @ error/convert.c/ConvertImageCommand/3258.
[Sat Jun  8 11:13:38 2024] making information content logo...
convert-im6.q16: not authorized `kpLogo.info.eps' @ error/constitute.c/ReadImage/412.
convert-im6.q16: no images defined `kpLogo.info.png' @ error/convert.c/ConvertImageCommand/3258.
[Sat Jun  8 11:13:38 2024] fixed position: 20
[Sat Jun  8 11:13:38 2024] fixed residual  : C
[Sat Jun  8 11:13:38 2024] 340 exact kmers to be tested
[Sat Jun  8 11:13:38 2024] 500 k-mers allowing degenerate bases
[Sat Jun  8 11:13:38 2024] 19124 tests (kmer x position x shifts) will be performed
[Sat Jun  8 11:13:42 2024] 16462 significant positional kmers identified in total
[Sat Jun  8 11:13:42 2024] plotting the most significant kmer at each position...
[Sat Jun  8 11:13:42 2024] plotting single nucleotide profile...
convert-im6.q16: not authorized `kpLogo.eps' @ error/constitute.c/ReadImage/412.
convert-im6.q16: no images defined `kpLogo.png' @ error/convert.c/ConvertImageCommand/3258.
convert-im6.q16: not authorized `kpLogo.most.significant.each.position.eps' @ error/constitute.c/ReadImage/412.
convert-im6.q16: no images defined `kpLogo.most.significant.each.position.png' @ error/convert.c/ConvertImageCommand/3258.
[Sat Jun  8 11:13:43 2024] Done!
[Sat Jun  8 11:13:43 2024] Summary: 
[Sat Jun  8 11:13:43 2024]    Input       :   train.fasta
[Sat Jun  8 11:13:43 2024]    Background  :   local
[Sat Jun  8 11:13:43 2024]    Output      :   kpLogo.*
[Sat Jun  8 11:13:43 2024]    alphabet    :   ACGT
[Sat Jun  8 11:13:43 2024]    min_kmer    :   1
[Sat Jun  8 11:13:43 2024]    max_kmer    :   4
[Sat Jun  8 11:13:43 2024]    min_shift   :   0
[Sat Jun  8 11:13:43 2024]    max_shift   :   0
[Sat Jun  8 11:13:43 2024]    degenerate  :   ACGTN
[Sat Jun  8 11:13:43 2024]    p           :   1.010000
[Sat Jun  8 11:13:43 2024]    start at    :   1
[Sat Jun  8 11:13:43 2024] Input file is FASTA format
[Sat Jun  8 11:13:43 2024] 31874 sequences loaded from train.fasta
[Sat Jun  8 11:13:43 2024] making frequency logo...
convert-im6.q16: not authorized `kpLogo.freq.eps' @ error/constitute.c/ReadImage/412.
convert-im6.q16: no images defined `kpLogo.freq.png' @ error/convert.c/ConvertImageCommand/3258.
[Sat Jun  8 11:13:43 2024] making information content logo...
convert-im6.q16: not authorized `kpLogo.info.eps' @ error/constitute.c/ReadImage/412.
convert-im6.q16: no images defined `kpLogo.info.png' @ error/convert.c/ConvertImageCommand/3258.
[Sat Jun  8 11:13:43 2024] fixed position: 20
[Sat Jun  8 11:13:43 2024] fixed residual  : A
[Sat Jun  8 11:13:43 2024] 340 exact kmers to be tested
[Sat Jun  8 11:13:43 2024] 500 k-mers allowing degenerate bases
[Sat Jun  8 11:13:43 2024] 19124 tests (kmer x position x shifts) will be performed
[Sat Jun  8 11:14:13 2024] 17848 significant positional kmers identified in total
[Sat Jun  8 11:14:13 2024] plotting the most significant kmer at each position...
[Sat Jun  8 11:14:13 2024] plotting single nucleotide profile...
convert-im6.q16: not authorized `kpLogo.eps' @ error/constitute.c/ReadImage/412.
convert-im6.q16: no images defined `kpLogo.png' @ error/convert.c/ConvertImageCommand/3258.
convert-im6.q16: not authorized `kpLogo.most.significant.each.position.eps' @ error/constitute.c/ReadImage/412.
convert-im6.q16: no images defined `kpLogo.most.significant.each.position.png' @ error/convert.c/ConvertImageCommand/3258.
[Sat Jun  8 11:14:14 2024] Done!
[Sat Jun  8 11:14:14 2024] Summary: 
[Sat Jun  8 11:14:14 2024]    Input       :   train.fasta
[Sat Jun  8 11:14:14 2024]    Background  :   local
[Sat Jun  8 11:14:14 2024]    Output      :   kpLogo.*
[Sat Jun  8 11:14:14 2024]    alphabet    :   ACGT
[Sat Jun  8 11:14:14 2024]    min_kmer    :   1
[Sat Jun  8 11:14:14 2024]    max_kmer    :   4
[Sat Jun  8 11:14:14 2024]    min_shift   :   0
[Sat Jun  8 11:14:14 2024]    max_shift   :   0
[Sat Jun  8 11:14:14 2024]    degenerate  :   ACGTN
[Sat Jun  8 11:14:14 2024]    p           :   1.010000
[Sat Jun  8 11:14:14 2024]    start at    :   1
[Sat Jun  8 11:14:14 2024] Input file is FASTA format
[Sat Jun  8 11:14:14 2024] 7962 sequences loaded from train.fasta
[Sat Jun  8 11:14:14 2024] making frequency logo...
convert-im6.q16: not authorized `kpLogo.freq.eps' @ error/constitute.c/ReadImage/412.
convert-im6.q16: no images defined `kpLogo.freq.png' @ error/convert.c/ConvertImageCommand/3258.
[Sat Jun  8 11:14:14 2024] making information content logo...
convert-im6.q16: not authorized `kpLogo.info.eps' @ error/constitute.c/ReadImage/412.
convert-im6.q16: no images defined `kpLogo.info.png' @ error/convert.c/ConvertImageCommand/3258.
[Sat Jun  8 11:14:14 2024] fixed position: 20
[Sat Jun  8 11:14:14 2024] fixed residual  : A
[Sat Jun  8 11:14:14 2024] 340 exact kmers to be tested
[Sat Jun  8 11:14:14 2024] 500 k-mers allowing degenerate bases
[Sat Jun  8 11:14:14 2024] 19124 tests (kmer x position x shifts) will be performed
[Sat Jun  8 11:14:22 2024] 17781 significant positional kmers identified in total
[Sat Jun  8 11:14:22 2024] plotting the most significant kmer at each position...
[Sat Jun  8 11:14:22 2024] plotting single nucleotide profile...
convert-im6.q16: not authorized `kpLogo.eps' @ error/constitute.c/ReadImage/412.
convert-im6.q16: no images defined `kpLogo.png' @ error/convert.c/ConvertImageCommand/3258.
convert-im6.q16: not authorized `kpLogo.most.significant.each.position.eps' @ error/constitute.c/ReadImage/412.
convert-im6.q16: no images defined `kpLogo.most.significant.each.position.png' @ error/convert.c/ConvertImageCommand/3258.
[Sat Jun  8 11:14:23 2024] Done!
[Sat Jun  8 11:14:23 2024] Summary: 
[Sat Jun  8 11:14:23 2024]    Input       :   train.fasta
[Sat Jun  8 11:14:23 2024]    Background  :   local
[Sat Jun  8 11:14:23 2024]    Output      :   kpLogo.*
[Sat Jun  8 11:14:23 2024]    alphabet    :   ACGT
[Sat Jun  8 11:14:23 2024]    min_kmer    :   1
[Sat Jun  8 11:14:23 2024]    max_kmer    :   4
[Sat Jun  8 11:14:23 2024]    min_shift   :   0
[Sat Jun  8 11:14:23 2024]    max_shift   :   0
[Sat Jun  8 11:14:23 2024]    degenerate  :   ACGTN
[Sat Jun  8 11:14:23 2024]    p           :   1.010000
[Sat Jun  8 11:14:23 2024]    start at    :   1
[Sat Jun  8 11:14:23 2024] Input file is FASTA format
[Sat Jun  8 11:14:23 2024] 6066 sequences loaded from train.fasta
[Sat Jun  8 11:14:23 2024] making frequency logo...
convert-im6.q16: not authorized `kpLogo.freq.eps' @ error/constitute.c/ReadImage/412.
convert-im6.q16: no images defined `kpLogo.freq.png' @ error/convert.c/ConvertImageCommand/3258.
[Sat Jun  8 11:14:23 2024] making information content logo...
convert-im6.q16: not authorized `kpLogo.info.eps' @ error/constitute.c/ReadImage/412.
convert-im6.q16: no images defined `kpLogo.info.png' @ error/convert.c/ConvertImageCommand/3258.
[Sat Jun  8 11:14:23 2024] fixed position: 20
[Sat Jun  8 11:14:23 2024] fixed residual  : A
[Sat Jun  8 11:14:23 2024] 340 exact kmers to be tested
[Sat Jun  8 11:14:23 2024] 500 k-mers allowing degenerate bases
[Sat Jun  8 11:14:23 2024] 19124 tests (kmer x position x shifts) will be performed
[Sat Jun  8 11:14:29 2024] 17345 significant positional kmers identified in total
[Sat Jun  8 11:14:29 2024] plotting the most significant kmer at each position...
[Sat Jun  8 11:14:29 2024] plotting single nucleotide profile...
convert-im6.q16: not authorized `kpLogo.eps' @ error/constitute.c/ReadImage/412.
convert-im6.q16: no images defined `kpLogo.png' @ error/convert.c/ConvertImageCommand/3258.
convert-im6.q16: not authorized `kpLogo.most.significant.each.position.eps' @ error/constitute.c/ReadImage/412.
convert-im6.q16: no images defined `kpLogo.most.significant.each.position.png' @ error/convert.c/ConvertImageCommand/3258.
[Sat Jun  8 11:14:30 2024] Done!
[Sat Jun  8 11:14:30 2024] Summary: 
[Sat Jun  8 11:14:30 2024]    Input       :   train.fasta
[Sat Jun  8 11:14:30 2024]    Background  :   local
[Sat Jun  8 11:14:30 2024]    Output      :   kpLogo.*
[Sat Jun  8 11:14:30 2024]    alphabet    :   ACGT
[Sat Jun  8 11:14:30 2024]    min_kmer    :   1
[Sat Jun  8 11:14:30 2024]    max_kmer    :   4
[Sat Jun  8 11:14:30 2024]    min_shift   :   0
[Sat Jun  8 11:14:30 2024]    max_shift   :   0
[Sat Jun  8 11:14:30 2024]    degenerate  :   ACGTN
[Sat Jun  8 11:14:30 2024]    p           :   1.010000
[Sat Jun  8 11:14:30 2024]    start at    :   1
[Sat Jun  8 11:14:30 2024] Input file is FASTA format
[Sat Jun  8 11:14:30 2024] 11192 sequences loaded from train.fasta
[Sat Jun  8 11:14:30 2024] making frequency logo...
convert-im6.q16: not authorized `kpLogo.freq.eps' @ error/constitute.c/ReadImage/412.
convert-im6.q16: no images defined `kpLogo.freq.png' @ error/convert.c/ConvertImageCommand/3258.
[Sat Jun  8 11:14:30 2024] making information content logo...
convert-im6.q16: not authorized `kpLogo.info.eps' @ error/constitute.c/ReadImage/412.
convert-im6.q16: no images defined `kpLogo.info.png' @ error/convert.c/ConvertImageCommand/3258.
[Sat Jun  8 11:14:30 2024] fixed position: 20
[Sat Jun  8 11:14:30 2024] fixed residual  : A
[Sat Jun  8 11:14:30 2024] 340 exact kmers to be tested
[Sat Jun  8 11:14:30 2024] 500 k-mers allowing degenerate bases
[Sat Jun  8 11:14:30 2024] 19124 tests (kmer x position x shifts) will be performed
[Sat Jun  8 11:14:41 2024] 17844 significant positional kmers identified in total
[Sat Jun  8 11:14:41 2024] plotting the most significant kmer at each position...
[Sat Jun  8 11:14:41 2024] plotting single nucleotide profile...
convert-im6.q16: not authorized `kpLogo.eps' @ error/constitute.c/ReadImage/412.
convert-im6.q16: no images defined `kpLogo.png' @ error/convert.c/ConvertImageCommand/3258.
convert-im6.q16: not authorized `kpLogo.most.significant.each.position.eps' @ error/constitute.c/ReadImage/412.
convert-im6.q16: no images defined `kpLogo.most.significant.each.position.png' @ error/convert.c/ConvertImageCommand/3258.
[Sat Jun  8 11:14:43 2024] Done!
[Sat Jun  8 11:14:43 2024] Summary: 
[Sat Jun  8 11:14:43 2024]    Input       :   train.fasta
[Sat Jun  8 11:14:43 2024]    Background  :   local
[Sat Jun  8 11:14:43 2024]    Output      :   kpLogo.*
[Sat Jun  8 11:14:43 2024]    alphabet    :   ACGT
[Sat Jun  8 11:14:43 2024]    min_kmer    :   1
[Sat Jun  8 11:14:43 2024]    max_kmer    :   4
[Sat Jun  8 11:14:43 2024]    min_shift   :   0
[Sat Jun  8 11:14:43 2024]    max_shift   :   0
[Sat Jun  8 11:14:43 2024]    degenerate  :   ACGTN
[Sat Jun  8 11:14:43 2024]    p           :   1.010000
[Sat Jun  8 11:14:43 2024]    start at    :   1
[Sat Jun  8 11:14:43 2024] Input file is FASTA format
[Sat Jun  8 11:14:43 2024] 3102 sequences loaded from train.fasta
[Sat Jun  8 11:14:43 2024] making frequency logo...
convert-im6.q16: not authorized `kpLogo.freq.eps' @ error/constitute.c/ReadImage/412.
convert-im6.q16: no images defined `kpLogo.freq.png' @ error/convert.c/ConvertImageCommand/3258.
[Sat Jun  8 11:14:43 2024] making information content logo...
convert-im6.q16: not authorized `kpLogo.info.eps' @ error/constitute.c/ReadImage/412.
convert-im6.q16: no images defined `kpLogo.info.png' @ error/convert.c/ConvertImageCommand/3258.
[Sat Jun  8 11:14:44 2024] fixed position: 20
[Sat Jun  8 11:14:44 2024] fixed residual  : A
[Sat Jun  8 11:14:44 2024] 340 exact kmers to be tested
[Sat Jun  8 11:14:44 2024] 500 k-mers allowing degenerate bases
[Sat Jun  8 11:14:44 2024] 19124 tests (kmer x position x shifts) will be performed
[Sat Jun  8 11:14:47 2024] 16355 significant positional kmers identified in total
[Sat Jun  8 11:14:47 2024] plotting the most significant kmer at each position...
[Sat Jun  8 11:14:47 2024] plotting single nucleotide profile...
convert-im6.q16: not authorized `kpLogo.eps' @ error/constitute.c/ReadImage/412.
convert-im6.q16: no images defined `kpLogo.png' @ error/convert.c/ConvertImageCommand/3258.
convert-im6.q16: not authorized `kpLogo.most.significant.each.position.eps' @ error/constitute.c/ReadImage/412.
convert-im6.q16: no images defined `kpLogo.most.significant.each.position.png' @ error/convert.c/ConvertImageCommand/3258.
[Sat Jun  8 11:14:49 2024] Done!
[Sat Jun  8 11:14:49 2024] Summary: 
[Sat Jun  8 11:14:49 2024]    Input       :   train.fasta
[Sat Jun  8 11:14:49 2024]    Background  :   local
[Sat Jun  8 11:14:49 2024]    Output      :   kpLogo.*
[Sat Jun  8 11:14:49 2024]    alphabet    :   ACGT
[Sat Jun  8 11:14:49 2024]    min_kmer    :   1
[Sat Jun  8 11:14:49 2024]    max_kmer    :   4
[Sat Jun  8 11:14:49 2024]    min_shift   :   0
[Sat Jun  8 11:14:49 2024]    max_shift   :   0
[Sat Jun  8 11:14:49 2024]    degenerate  :   ACGTN
[Sat Jun  8 11:14:49 2024]    p           :   1.010000
[Sat Jun  8 11:14:49 2024]    start at    :   1
[Sat Jun  8 11:14:49 2024] Input file is FASTA format
[Sat Jun  8 11:14:49 2024] 18336 sequences loaded from train.fasta
[Sat Jun  8 11:14:49 2024] making frequency logo...
convert-im6.q16: not authorized `kpLogo.freq.eps' @ error/constitute.c/ReadImage/412.
convert-im6.q16: no images defined `kpLogo.freq.png' @ error/convert.c/ConvertImageCommand/3258.
[Sat Jun  8 11:14:50 2024] making information content logo...
convert-im6.q16: not authorized `kpLogo.info.eps' @ error/constitute.c/ReadImage/412.
convert-im6.q16: no images defined `kpLogo.info.png' @ error/convert.c/ConvertImageCommand/3258.
[Sat Jun  8 11:14:50 2024] fixed position: 20
[Sat Jun  8 11:14:50 2024] fixed residual  : A
[Sat Jun  8 11:14:50 2024] 340 exact kmers to be tested
[Sat Jun  8 11:14:50 2024] 500 k-mers allowing degenerate bases
[Sat Jun  8 11:14:50 2024] 19124 tests (kmer x position x shifts) will be performed
[Sat Jun  8 11:15:15 2024] 17837 significant positional kmers identified in total
[Sat Jun  8 11:15:17 2024] plotting the most significant kmer at each position...
[Sat Jun  8 11:15:17 2024] plotting single nucleotide profile...
convert-im6.q16: not authorized `kpLogo.eps' @ error/constitute.c/ReadImage/412.
convert-im6.q16: no images defined `kpLogo.png' @ error/convert.c/ConvertImageCommand/3258.
convert-im6.q16: not authorized `kpLogo.most.significant.each.position.eps' @ error/constitute.c/ReadImage/412.
convert-im6.q16: no images defined `kpLogo.most.significant.each.position.png' @ error/convert.c/ConvertImageCommand/3258.
[Sat Jun  8 11:15:28 2024] Done!
[Sat Jun  8 11:15:28 2024] Summary: 
[Sat Jun  8 11:15:28 2024]    Input       :   train.fasta
[Sat Jun  8 11:15:28 2024]    Background  :   local
[Sat Jun  8 11:15:28 2024]    Output      :   kpLogo.*
[Sat Jun  8 11:15:28 2024]    alphabet    :   ACGT
[Sat Jun  8 11:15:28 2024]    min_kmer    :   1
[Sat Jun  8 11:15:28 2024]    max_kmer    :   4
[Sat Jun  8 11:15:28 2024]    min_shift   :   0
[Sat Jun  8 11:15:28 2024]    max_shift   :   0
[Sat Jun  8 11:15:28 2024]    degenerate  :   ACGTN
[Sat Jun  8 11:15:28 2024]    p           :   1.010000
[Sat Jun  8 11:15:28 2024]    start at    :   1
[Sat Jun  8 11:15:28 2024] Input file is FASTA format
[Sat Jun  8 11:15:28 2024] 600 sequences loaded from train.fasta
[Sat Jun  8 11:15:28 2024] making frequency logo...
convert-im6.q16: not authorized `kpLogo.freq.eps' @ error/constitute.c/ReadImage/412.
convert-im6.q16: no images defined `kpLogo.freq.png' @ error/convert.c/ConvertImageCommand/3258.
[Sat Jun  8 11:15:29 2024] making information content logo...
convert-im6.q16: not authorized `kpLogo.info.eps' @ error/constitute.c/ReadImage/412.
convert-im6.q16: no images defined `kpLogo.info.png' @ error/convert.c/ConvertImageCommand/3258.
[Sat Jun  8 11:15:29 2024] fixed position: 20
[Sat Jun  8 11:15:29 2024] fixed residual  : A
[Sat Jun  8 11:15:29 2024] 340 exact kmers to be tested
[Sat Jun  8 11:15:29 2024] 500 k-mers allowing degenerate bases
[Sat Jun  8 11:15:29 2024] 19124 tests (kmer x position x shifts) will be performed
[Sat Jun  8 11:15:29 2024] 9282 significant positional kmers identified in total
[Sat Jun  8 11:15:29 2024] plotting the most significant kmer at each position...
[Sat Jun  8 11:15:29 2024] plotting single nucleotide profile...
convert-im6.q16: not authorized `kpLogo.eps' @ error/constitute.c/ReadImage/412.
convert-im6.q16: no images defined `kpLogo.png' @ error/convert.c/ConvertImageCommand/3258.
convert-im6.q16: not authorized `kpLogo.most.significant.each.position.eps' @ error/constitute.c/ReadImage/412.
convert-im6.q16: no images defined `kpLogo.most.significant.each.position.png' @ error/convert.c/ConvertImageCommand/3258.
[Sat Jun  8 11:15:30 2024] Done!
[Sat Jun  8 11:15:30 2024] Summary: 
[Sat Jun  8 11:15:30 2024]    Input       :   train.fasta
[Sat Jun  8 11:15:30 2024]    Background  :   local
[Sat Jun  8 11:15:30 2024]    Output      :   kpLogo.*
[Sat Jun  8 11:15:30 2024]    alphabet    :   ACGT
[Sat Jun  8 11:15:30 2024]    min_kmer    :   1
[Sat Jun  8 11:15:30 2024]    max_kmer    :   4
[Sat Jun  8 11:15:30 2024]    min_shift   :   0
[Sat Jun  8 11:15:30 2024]    max_shift   :   0
[Sat Jun  8 11:15:30 2024]    degenerate  :   ACGTN
[Sat Jun  8 11:15:30 2024]    p           :   1.010000
[Sat Jun  8 11:15:30 2024]    start at    :   1
[Sat Jun  8 11:15:30 2024] Input file is FASTA format
[Sat Jun  8 11:15:30 2024] 3786 sequences loaded from train.fasta
[Sat Jun  8 11:15:30 2024] making frequency logo...
convert-im6.q16: not authorized `kpLogo.freq.eps' @ error/constitute.c/ReadImage/412.
convert-im6.q16: no images defined `kpLogo.freq.png' @ error/convert.c/ConvertImageCommand/3258.
[Sat Jun  8 11:15:30 2024] making information content logo...
convert-im6.q16: not authorized `kpLogo.info.eps' @ error/constitute.c/ReadImage/412.
convert-im6.q16: no images defined `kpLogo.info.png' @ error/convert.c/ConvertImageCommand/3258.
[Sat Jun  8 11:15:31 2024] fixed position: 20
[Sat Jun  8 11:15:31 2024] fixed residual  : A
[Sat Jun  8 11:15:31 2024] 340 exact kmers to be tested
[Sat Jun  8 11:15:31 2024] 500 k-mers allowing degenerate bases
[Sat Jun  8 11:15:31 2024] 19124 tests (kmer x position x shifts) will be performed
[Sat Jun  8 11:15:34 2024] 16756 significant positional kmers identified in total
[Sat Jun  8 11:15:35 2024] plotting the most significant kmer at each position...
[Sat Jun  8 11:15:35 2024] plotting single nucleotide profile...
convert-im6.q16: not authorized `kpLogo.eps' @ error/constitute.c/ReadImage/412.
convert-im6.q16: no images defined `kpLogo.png' @ error/convert.c/ConvertImageCommand/3258.
convert-im6.q16: not authorized `kpLogo.most.significant.each.position.eps' @ error/constitute.c/ReadImage/412.
convert-im6.q16: no images defined `kpLogo.most.significant.each.position.png' @ error/convert.c/ConvertImageCommand/3258.
[Sat Jun  8 11:15:35 2024] Done!
[Sat Jun  8 11:15:35 2024] Summary: 
[Sat Jun  8 11:15:35 2024]    Input       :   train.fasta
[Sat Jun  8 11:15:35 2024]    Background  :   local
[Sat Jun  8 11:15:35 2024]    Output      :   kpLogo.*
[Sat Jun  8 11:15:35 2024]    alphabet    :   ACGT
[Sat Jun  8 11:15:35 2024]    min_kmer    :   1
[Sat Jun  8 11:15:35 2024]    max_kmer    :   4
[Sat Jun  8 11:15:35 2024]    min_shift   :   0
[Sat Jun  8 11:15:35 2024]    max_shift   :   0
[Sat Jun  8 11:15:35 2024]    degenerate  :   ACGTN
[Sat Jun  8 11:15:35 2024]    p           :   1.010000
[Sat Jun  8 11:15:35 2024]    start at    :   1
[Sat Jun  8 11:15:35 2024] Input file is FASTA format
[Sat Jun  8 11:15:35 2024] 3380 sequences loaded from train.fasta
[Sat Jun  8 11:15:35 2024] making frequency logo...
convert-im6.q16: not authorized `kpLogo.freq.eps' @ error/constitute.c/ReadImage/412.
convert-im6.q16: no images defined `kpLogo.freq.png' @ error/convert.c/ConvertImageCommand/3258.
[Sat Jun  8 11:15:35 2024] making information content logo...
convert-im6.q16: not authorized `kpLogo.info.eps' @ error/constitute.c/ReadImage/412.
convert-im6.q16: no images defined `kpLogo.info.png' @ error/convert.c/ConvertImageCommand/3258.
[Sat Jun  8 11:15:36 2024] fixed position: 20
[Sat Jun  8 11:15:36 2024] fixed residual  : A
[Sat Jun  8 11:15:36 2024] 340 exact kmers to be tested
[Sat Jun  8 11:15:36 2024] 500 k-mers allowing degenerate bases
[Sat Jun  8 11:15:36 2024] 19124 tests (kmer x position x shifts) will be performed
[Sat Jun  8 11:15:39 2024] 17049 significant positional kmers identified in total
[Sat Jun  8 11:15:39 2024] plotting the most significant kmer at each position...
[Sat Jun  8 11:15:39 2024] plotting single nucleotide profile...
convert-im6.q16: not authorized `kpLogo.eps' @ error/constitute.c/ReadImage/412.
convert-im6.q16: no images defined `kpLogo.png' @ error/convert.c/ConvertImageCommand/3258.
convert-im6.q16: not authorized `kpLogo.most.significant.each.position.eps' @ error/constitute.c/ReadImage/412.
convert-im6.q16: no images defined `kpLogo.most.significant.each.position.png' @ error/convert.c/ConvertImageCommand/3258.
[Sat Jun  8 11:15:40 2024] Done!
[Sat Jun  8 11:15:40 2024] Summary: 
[Sat Jun  8 11:15:40 2024]    Input       :   train.fasta
[Sat Jun  8 11:15:40 2024]    Background  :   local
[Sat Jun  8 11:15:40 2024]    Output      :   kpLogo.*
[Sat Jun  8 11:15:40 2024]    alphabet    :   ACGT
[Sat Jun  8 11:15:40 2024]    min_kmer    :   1
[Sat Jun  8 11:15:40 2024]    max_kmer    :   4
[Sat Jun  8 11:15:40 2024]    min_shift   :   0
[Sat Jun  8 11:15:40 2024]    max_shift   :   0
[Sat Jun  8 11:15:40 2024]    degenerate  :   ACGTN
[Sat Jun  8 11:15:40 2024]    p           :   1.010000
[Sat Jun  8 11:15:40 2024]    start at    :   1
[Sat Jun  8 11:15:40 2024] Input file is FASTA format
[Sat Jun  8 11:15:40 2024] 107600 sequences loaded from train.fasta
[Sat Jun  8 11:15:40 2024] making frequency logo...
convert-im6.q16: not authorized `kpLogo.freq.eps' @ error/constitute.c/ReadImage/412.
convert-im6.q16: no images defined `kpLogo.freq.png' @ error/convert.c/ConvertImageCommand/3258.
[Sat Jun  8 11:15:40 2024] making information content logo...
convert-im6.q16: not authorized `kpLogo.info.eps' @ error/constitute.c/ReadImage/412.
convert-im6.q16: no images defined `kpLogo.info.png' @ error/convert.c/ConvertImageCommand/3258.
[Sat Jun  8 11:15:40 2024] fixed position: 20
[Sat Jun  8 11:15:40 2024] fixed residual  : A
[Sat Jun  8 11:15:40 2024] 340 exact kmers to be tested
[Sat Jun  8 11:15:40 2024] 500 k-mers allowing degenerate bases
[Sat Jun  8 11:15:40 2024] 19124 tests (kmer x position x shifts) will be performed
[Sat Jun  8 11:17:20 2024] 17798 significant positional kmers identified in total
[Sat Jun  8 11:17:20 2024] plotting the most significant kmer at each position...
[Sat Jun  8 11:17:20 2024] plotting single nucleotide profile...
convert-im6.q16: not authorized `kpLogo.eps' @ error/constitute.c/ReadImage/412.
convert-im6.q16: no images defined `kpLogo.png' @ error/convert.c/ConvertImageCommand/3258.
convert-im6.q16: not authorized `kpLogo.most.significant.each.position.eps' @ error/constitute.c/ReadImage/412.
convert-im6.q16: no images defined `kpLogo.most.significant.each.position.png' @ error/convert.c/ConvertImageCommand/3258.
[Sat Jun  8 11:17:22 2024] Done!
[Sat Jun  8 11:17:22 2024] Summary: 
[Sat Jun  8 11:17:22 2024]    Input       :   train.fasta
[Sat Jun  8 11:17:22 2024]    Background  :   local
[Sat Jun  8 11:17:22 2024]    Output      :   kpLogo.*
[Sat Jun  8 11:17:22 2024]    alphabet    :   ACGT
[Sat Jun  8 11:17:22 2024]    min_kmer    :   1
[Sat Jun  8 11:17:22 2024]    max_kmer    :   4
[Sat Jun  8 11:17:22 2024]    min_shift   :   0
[Sat Jun  8 11:17:22 2024]    max_shift   :   0
[Sat Jun  8 11:17:22 2024]    degenerate  :   ACGTN
[Sat Jun  8 11:17:22 2024]    p           :   1.010000
[Sat Jun  8 11:17:22 2024]    start at    :   1
[Sat Jun  8 11:17:22 2024] Input file is FASTA format
[Sat Jun  8 11:17:22 2024] 17216 sequences loaded from train.fasta
[Sat Jun  8 11:17:22 2024] making frequency logo...
convert-im6.q16: not authorized `kpLogo.freq.eps' @ error/constitute.c/ReadImage/412.
convert-im6.q16: no images defined `kpLogo.freq.png' @ error/convert.c/ConvertImageCommand/3258.
[Sat Jun  8 11:17:22 2024] making information content logo...
convert-im6.q16: not authorized `kpLogo.info.eps' @ error/constitute.c/ReadImage/412.
convert-im6.q16: no images defined `kpLogo.info.png' @ error/convert.c/ConvertImageCommand/3258.
[Sat Jun  8 11:17:22 2024] fixed position: 20
[Sat Jun  8 11:17:22 2024] fixed residual  : A
[Sat Jun  8 11:17:22 2024] 340 exact kmers to be tested
[Sat Jun  8 11:17:22 2024] 500 k-mers allowing degenerate bases
[Sat Jun  8 11:17:22 2024] 19124 tests (kmer x position x shifts) will be performed
[Sat Jun  8 11:18:01 2024] 17720 significant positional kmers identified in total
[Sat Jun  8 11:18:02 2024] plotting the most significant kmer at each position...
[Sat Jun  8 11:18:02 2024] plotting single nucleotide profile...
convert-im6.q16: not authorized `kpLogo.eps' @ error/constitute.c/ReadImage/412.
convert-im6.q16: no images defined `kpLogo.png' @ error/convert.c/ConvertImageCommand/3258.
convert-im6.q16: not authorized `kpLogo.most.significant.each.position.eps' @ error/constitute.c/ReadImage/412.
convert-im6.q16: no images defined `kpLogo.most.significant.each.position.png' @ error/convert.c/ConvertImageCommand/3258.
[Sat Jun  8 11:18:03 2024] Done!
draw.sh: 第 9 行: cd: ./draw.sh: 不是目录
draw.sh: 行 10: ../kpLogo: 没有那个文件或目录
draw.sh: 第 9 行: cd: ./kpLogo: 没有那个文件或目录
draw.sh: 行 10: ../kpLogo: 没有那个文件或目录
draw.sh: 第 9 行: cd: ./nohup.out: 没有那个文件或目录
draw.sh: 行 10: ../kpLogo: 没有那个文件或目录
